2022-12-31 16:18:55,954 INFO: 二维码获取成功，请打开京东APP扫描
2022-12-31 16:19:37,447 INFO: 二维码登录成功
2022-12-31 16:19:37,834 INFO: 不满足下单条件，3s后进行下一次查询
2022-12-31 16:19:41,017 INFO: 不满足下单条件，3s后进行下一次查询
2022-12-31 16:19:44,204 INFO: 不满足下单条件，3s后进行下一次查询
2022-12-31 16:19:47,397 INFO: 不满足下单条件，3s后进行下一次查询
2022-12-31 16:19:50,552 INFO: 不满足下单条件，3s后进行下一次查询
2022-12-31 16:19:53,778 INFO: 不满足下单条件，3s后进行下一次查询
2022-12-31 16:19:56,984 INFO: 不满足下单条件，3s后进行下一次查询
2022-12-31 16:20:00,206 INFO: 不满足下单条件，3s后进行下一次查询
2022-12-31 16:20:03,476 INFO: 不满足下单条件，3s后进行下一次查询
2022-12-31 16:20:06,665 INFO: 不满足下单条件，3s后进行下一次查询
2022-12-31 16:20:09,868 INFO: 不满足下单条件，3s后进行下一次查询
2022-12-31 16:20:13,058 INFO: 不满足下单条件，3s后进行下一次查询
2022-12-31 16:20:16,261 INFO: 不满足下单条件，3s后进行下一次查询
2022-12-31 16:20:19,464 INFO: 不满足下单条件，3s后进行下一次查询
2022-12-31 16:20:22,665 INFO: 不满足下单条件，3s后进行下一次查询
2022-12-31 16:20:25,863 INFO: 不满足下单条件，3s后进行下一次查询
2022-12-31 16:20:29,046 INFO: 不满足下单条件，3s后进行下一次查询
2022-12-31 16:20:32,246 INFO: 不满足下单条件，3s后进行下一次查询
2022-12-31 16:20:35,435 INFO: 不满足下单条件，3s后进行下一次查询
2022-12-31 16:20:38,634 INFO: 不满足下单条件，3s后进行下一次查询
2022-12-31 16:20:41,824 INFO: 不满足下单条件，3s后进行下一次查询
2022-12-31 16:20:45,001 INFO: 不满足下单条件，3s后进行下一次查询
2022-12-31 16:20:48,166 INFO: 不满足下单条件，3s后进行下一次查询
2022-12-31 16:20:51,367 INFO: 不满足下单条件，3s后进行下一次查询
2022-12-31 16:20:54,535 INFO: 不满足下单条件，3s后进行下一次查询
2022-12-31 16:20:57,749 INFO: 不满足下单条件，3s后进行下一次查询
2022-12-31 16:21:00,935 INFO: 不满足下单条件，3s后进行下一次查询
2022-12-31 16:21:04,140 INFO: 不满足下单条件，3s后进行下一次查询
2022-12-31 16:21:07,325 INFO: 不满足下单条件，3s后进行下一次查询
2022-12-31 16:21:10,497 INFO: 不满足下单条件，3s后进行下一次查询
2022-12-31 16:21:13,667 INFO: 不满足下单条件，3s后进行下一次查询
2022-12-31 16:21:16,853 INFO: 不满足下单条件，3s后进行下一次查询
2022-12-31 16:21:20,025 INFO: 不满足下单条件，3s后进行下一次查询
2022-12-31 16:21:23,252 INFO: 不满足下单条件，3s后进行下一次查询
2022-12-31 16:21:26,434 INFO: 不满足下单条件，3s后进行下一次查询
2022-12-31 16:21:29,618 INFO: 不满足下单条件，3s后进行下一次查询
2022-12-31 16:21:32,809 INFO: 不满足下单条件，3s后进行下一次查询
2022-12-31 16:21:36,001 INFO: 不满足下单条件，3s后进行下一次查询
2022-12-31 16:21:39,191 INFO: 不满足下单条件，3s后进行下一次查询
2022-12-31 16:21:42,343 INFO: 不满足下单条件，3s后进行下一次查询
2022-12-31 16:21:45,523 INFO: 不满足下单条件，3s后进行下一次查询
2022-12-31 16:21:48,720 INFO: 不满足下单条件，3s后进行下一次查询
2022-12-31 16:21:51,903 INFO: 不满足下单条件，3s后进行下一次查询
2022-12-31 16:21:55,102 INFO: 不满足下单条件，3s后进行下一次查询
2022-12-31 16:21:58,311 INFO: 不满足下单条件，3s后进行下一次查询
2022-12-31 16:22:01,497 INFO: 不满足下单条件，3s后进行下一次查询
2022-12-31 16:22:04,668 INFO: 不满足下单条件，3s后进行下一次查询
2022-12-31 16:22:07,864 INFO: 不满足下单条件，3s后进行下一次查询
2022-12-31 16:22:11,027 INFO: 不满足下单条件，3s后进行下一次查询
2022-12-31 16:22:14,223 INFO: 不满足下单条件，3s后进行下一次查询
2022-12-31 16:22:17,415 INFO: 不满足下单条件，3s后进行下一次查询
2022-12-31 16:22:20,604 INFO: 不满足下单条件，3s后进行下一次查询
2022-12-31 16:22:23,788 INFO: 不满足下单条件，3s后进行下一次查询
2022-12-31 16:22:26,977 INFO: 不满足下单条件，3s后进行下一次查询
2022-12-31 16:22:30,191 INFO: 不满足下单条件，3s后进行下一次查询
2022-12-31 16:22:33,389 INFO: 不满足下单条件，3s后进行下一次查询
2022-12-31 16:22:36,576 INFO: 不满足下单条件，3s后进行下一次查询
2022-12-31 16:22:39,776 INFO: 不满足下单条件，3s后进行下一次查询
2022-12-31 16:22:42,970 INFO: 不满足下单条件，3s后进行下一次查询
2022-12-31 16:22:46,158 INFO: 不满足下单条件，3s后进行下一次查询
2022-12-31 16:22:49,339 INFO: 不满足下单条件，3s后进行下一次查询
2022-12-31 16:22:52,533 INFO: 不满足下单条件，3s后进行下一次查询
2022-12-31 16:22:55,718 INFO: 不满足下单条件，3s后进行下一次查询
2022-12-31 16:22:58,912 INFO: 不满足下单条件，3s后进行下一次查询
2022-12-31 16:23:02,117 INFO: 不满足下单条件，3s后进行下一次查询
2022-12-31 16:23:05,301 INFO: 不满足下单条件，3s后进行下一次查询
2022-12-31 16:23:08,500 INFO: 不满足下单条件，3s后进行下一次查询
2022-12-31 16:23:11,676 INFO: 不满足下单条件，3s后进行下一次查询
2022-12-31 16:23:14,858 INFO: 不满足下单条件，3s后进行下一次查询
2022-12-31 16:23:18,028 INFO: 不满足下单条件，3s后进行下一次查询
2022-12-31 16:23:21,200 INFO: 不满足下单条件，3s后进行下一次查询
2022-12-31 16:23:24,401 INFO: 不满足下单条件，3s后进行下一次查询
2022-12-31 16:23:27,661 INFO: 不满足下单条件，3s后进行下一次查询
2022-12-31 16:23:30,897 INFO: 不满足下单条件，3s后进行下一次查询
2022-12-31 16:23:34,060 INFO: 不满足下单条件，3s后进行下一次查询
2022-12-31 16:23:37,257 INFO: 不满足下单条件，3s后进行下一次查询
2022-12-31 16:23:40,458 INFO: 不满足下单条件，3s后进行下一次查询
2022-12-31 16:23:43,659 INFO: 不满足下单条件，3s后进行下一次查询
2022-12-31 16:23:46,823 INFO: 不满足下单条件，3s后进行下一次查询
2022-12-31 16:23:50,034 INFO: 不满足下单条件，3s后进行下一次查询
2022-12-31 16:23:53,213 INFO: 不满足下单条件，3s后进行下一次查询
2022-12-31 16:23:56,408 INFO: 不满足下单条件，3s后进行下一次查询
2022-12-31 16:23:59,596 INFO: 不满足下单条件，3s后进行下一次查询
2022-12-31 16:24:02,796 INFO: 不满足下单条件，3s后进行下一次查询
2022-12-31 16:24:05,991 INFO: 不满足下单条件，3s后进行下一次查询
2022-12-31 16:24:09,187 INFO: 不满足下单条件，3s后进行下一次查询
2022-12-31 16:24:12,370 INFO: 不满足下单条件，3s后进行下一次查询
2022-12-31 16:24:15,544 INFO: 不满足下单条件，3s后进行下一次查询
2022-12-31 16:24:18,743 INFO: 不满足下单条件，3s后进行下一次查询
2022-12-31 16:24:21,927 INFO: 不满足下单条件，3s后进行下一次查询
2022-12-31 16:24:25,142 INFO: 不满足下单条件，3s后进行下一次查询
2022-12-31 16:24:28,324 INFO: 不满足下单条件，3s后进行下一次查询
2022-12-31 16:24:31,522 INFO: 不满足下单条件，3s后进行下一次查询
2022-12-31 16:24:34,729 INFO: 不满足下单条件，3s后进行下一次查询
2022-12-31 16:24:37,955 INFO: 不满足下单条件，3s后进行下一次查询
2022-12-31 16:24:41,129 INFO: 不满足下单条件，3s后进行下一次查询
2022-12-31 16:24:44,330 INFO: 不满足下单条件，3s后进行下一次查询
2022-12-31 16:24:47,511 INFO: 不满足下单条件，3s后进行下一次查询
2022-12-31 16:24:50,694 INFO: 不满足下单条件，3s后进行下一次查询
2022-12-31 16:24:53,891 INFO: 不满足下单条件，3s后进行下一次查询
2022-12-31 16:24:57,087 INFO: 不满足下单条件，3s后进行下一次查询
2022-12-31 16:25:00,276 INFO: 不满足下单条件，3s后进行下一次查询
2022-12-31 16:25:03,475 INFO: 不满足下单条件，3s后进行下一次查询
2022-12-31 16:25:06,670 INFO: 不满足下单条件，3s后进行下一次查询
2022-12-31 16:25:09,834 INFO: 不满足下单条件，3s后进行下一次查询
2022-12-31 16:25:13,030 INFO: 不满足下单条件，3s后进行下一次查询
2022-12-31 16:25:25,362 INFO: 登录成功
2022-12-31 16:25:25,690 INFO: 100040632414 满足下单条件，开始执行
2022-12-31 16:25:47,251 INFO: 100040632414 满足下单条件，开始执行
2022-12-31 16:26:08,020 INFO: 100040632414 满足下单条件，开始执行
2022-12-31 16:26:29,022 INFO: 100040632414 满足下单条件，开始执行
2022-12-31 16:26:50,070 INFO: 100040632414 满足下单条件，开始执行
2022-12-31 16:28:06,129 INFO: 登录成功
2022-12-31 16:28:06,496 INFO: 不满足下单条件，3s后进行下一次查询
2022-12-31 16:28:09,701 INFO: 不满足下单条件，3s后进行下一次查询
2022-12-31 16:28:12,890 INFO: 不满足下单条件，3s后进行下一次查询
2022-12-31 16:28:16,086 INFO: 不满足下单条件，3s后进行下一次查询
2022-12-31 16:28:19,278 INFO: 不满足下单条件，3s后进行下一次查询
2022-12-31 16:28:22,499 INFO: 不满足下单条件，3s后进行下一次查询
2022-12-31 16:28:25,686 INFO: 不满足下单条件，3s后进行下一次查询
2022-12-31 16:28:28,884 INFO: 不满足下单条件，3s后进行下一次查询
2022-12-31 16:28:32,083 INFO: 不满足下单条件，3s后进行下一次查询
2022-12-31 16:28:35,271 INFO: 不满足下单条件，3s后进行下一次查询
2022-12-31 16:28:38,455 INFO: 不满足下单条件，3s后进行下一次查询
2022-12-31 16:28:41,643 INFO: 不满足下单条件，3s后进行下一次查询
2022-12-31 16:28:44,823 INFO: 不满足下单条件，3s后进行下一次查询
2022-12-31 16:28:48,025 INFO: 不满足下单条件，3s后进行下一次查询
2022-12-31 16:28:51,214 INFO: 不满足下单条件，3s后进行下一次查询
2022-12-31 16:28:54,419 INFO: 不满足下单条件，3s后进行下一次查询
2022-12-31 16:28:57,635 INFO: 不满足下单条件，3s后进行下一次查询
2022-12-31 16:29:00,831 INFO: 不满足下单条件，3s后进行下一次查询
2022-12-31 16:29:04,030 INFO: 不满足下单条件，3s后进行下一次查询
2022-12-31 16:29:07,219 INFO: 不满足下单条件，3s后进行下一次查询
2022-12-31 16:29:10,428 INFO: 不满足下单条件，3s后进行下一次查询
2022-12-31 16:29:13,615 INFO: 不满足下单条件，3s后进行下一次查询
2022-12-31 16:29:16,815 INFO: 不满足下单条件，3s后进行下一次查询
2022-12-31 16:29:20,000 INFO: 不满足下单条件，3s后进行下一次查询
2022-12-31 16:29:23,189 INFO: 不满足下单条件，3s后进行下一次查询
2022-12-31 16:29:26,375 INFO: 不满足下单条件，3s后进行下一次查询
2022-12-31 16:29:29,547 INFO: 不满足下单条件，3s后进行下一次查询
2022-12-31 16:29:32,749 INFO: 不满足下单条件，3s后进行下一次查询
2022-12-31 16:29:35,932 INFO: 不满足下单条件，3s后进行下一次查询
2022-12-31 16:29:39,137 INFO: 不满足下单条件，3s后进行下一次查询
2022-12-31 16:29:42,315 INFO: 不满足下单条件，3s后进行下一次查询
2022-12-31 16:29:45,521 INFO: 不满足下单条件，3s后进行下一次查询
2022-12-31 16:29:48,704 INFO: 不满足下单条件，3s后进行下一次查询
2022-12-31 16:29:51,918 INFO: 不满足下单条件，3s后进行下一次查询
2022-12-31 16:29:55,119 INFO: 不满足下单条件，3s后进行下一次查询
2022-12-31 16:29:58,292 INFO: 不满足下单条件，3s后进行下一次查询
2022-12-31 16:30:01,552 INFO: 不满足下单条件，3s后进行下一次查询
2022-12-31 16:30:04,758 INFO: 不满足下单条件，3s后进行下一次查询
2022-12-31 16:30:07,944 INFO: 不满足下单条件，3s后进行下一次查询
2022-12-31 16:30:11,157 INFO: 不满足下单条件，3s后进行下一次查询
2022-12-31 16:30:14,380 INFO: 不满足下单条件，3s后进行下一次查询
2022-12-31 16:30:17,629 INFO: 不满足下单条件，3s后进行下一次查询
2022-12-31 16:30:20,833 INFO: 不满足下单条件，3s后进行下一次查询
2022-12-31 16:30:24,040 INFO: 不满足下单条件，3s后进行下一次查询
2022-12-31 16:30:27,218 INFO: 不满足下单条件，3s后进行下一次查询
2022-12-31 16:30:30,406 INFO: 不满足下单条件，3s后进行下一次查询
2022-12-31 16:30:33,607 INFO: 不满足下单条件，3s后进行下一次查询
2022-12-31 16:30:36,797 INFO: 不满足下单条件，3s后进行下一次查询
2022-12-31 16:30:40,055 INFO: 不满足下单条件，3s后进行下一次查询
2022-12-31 16:30:43,250 INFO: 不满足下单条件，3s后进行下一次查询
2022-12-31 16:30:46,449 INFO: 不满足下单条件，3s后进行下一次查询
2022-12-31 16:30:49,651 INFO: 不满足下单条件，3s后进行下一次查询
2022-12-31 16:30:52,844 INFO: 不满足下单条件，3s后进行下一次查询
2022-12-31 16:30:56,039 INFO: 不满足下单条件，3s后进行下一次查询
2022-12-31 16:30:59,234 INFO: 不满足下单条件，3s后进行下一次查询
2022-12-31 16:31:02,422 INFO: 不满足下单条件，3s后进行下一次查询
2022-12-31 16:31:05,615 INFO: 不满足下单条件，3s后进行下一次查询
2022-12-31 16:31:08,774 INFO: 不满足下单条件，3s后进行下一次查询
2022-12-31 16:31:11,991 INFO: 不满足下单条件，3s后进行下一次查询
2022-12-31 16:31:15,187 INFO: 不满足下单条件，3s后进行下一次查询
2022-12-31 16:31:18,371 INFO: 不满足下单条件，3s后进行下一次查询
2022-12-31 16:31:21,578 INFO: 不满足下单条件，3s后进行下一次查询
2022-12-31 16:31:24,825 INFO: 不满足下单条件，3s后进行下一次查询
2022-12-31 16:31:28,026 INFO: 不满足下单条件，3s后进行下一次查询
2022-12-31 16:31:31,220 INFO: 不满足下单条件，3s后进行下一次查询
2022-12-31 16:31:34,408 INFO: 不满足下单条件，3s后进行下一次查询
2022-12-31 16:31:37,611 INFO: 不满足下单条件，3s后进行下一次查询
2022-12-31 16:31:40,814 INFO: 不满足下单条件，3s后进行下一次查询
2022-12-31 16:31:44,011 INFO: 不满足下单条件，3s后进行下一次查询
2022-12-31 16:31:47,257 INFO: 不满足下单条件，3s后进行下一次查询
2022-12-31 16:31:50,448 INFO: 不满足下单条件，3s后进行下一次查询
2022-12-31 16:31:53,625 INFO: 不满足下单条件，3s后进行下一次查询
2022-12-31 16:31:56,805 INFO: 不满足下单条件，3s后进行下一次查询
2022-12-31 16:32:00,018 INFO: 不满足下单条件，3s后进行下一次查询
2022-12-31 16:32:03,215 INFO: 不满足下单条件，3s后进行下一次查询
2022-12-31 16:32:06,416 INFO: 不满足下单条件，3s后进行下一次查询
2022-12-31 16:32:09,634 INFO: 不满足下单条件，3s后进行下一次查询
2022-12-31 16:32:12,830 INFO: 不满足下单条件，3s后进行下一次查询
2022-12-31 16:32:16,023 INFO: 不满足下单条件，3s后进行下一次查询
2022-12-31 16:32:19,234 INFO: 不满足下单条件，3s后进行下一次查询
2022-12-31 16:32:22,425 INFO: 不满足下单条件，3s后进行下一次查询
2022-12-31 16:32:25,633 INFO: 不满足下单条件，3s后进行下一次查询
2022-12-31 16:32:28,834 INFO: 不满足下单条件，3s后进行下一次查询
2022-12-31 16:32:32,033 INFO: 不满足下单条件，3s后进行下一次查询
2022-12-31 16:32:35,223 INFO: 不满足下单条件，3s后进行下一次查询
2022-12-31 16:32:38,418 INFO: 不满足下单条件，3s后进行下一次查询
2022-12-31 16:32:41,601 INFO: 不满足下单条件，3s后进行下一次查询
2022-12-31 16:32:44,829 INFO: 不满足下单条件，3s后进行下一次查询
2022-12-31 16:32:48,014 INFO: 不满足下单条件，3s后进行下一次查询
2022-12-31 16:32:51,215 INFO: 不满足下单条件，3s后进行下一次查询
2022-12-31 16:32:54,399 INFO: 不满足下单条件，3s后进行下一次查询
2022-12-31 16:32:57,594 INFO: 不满足下单条件，3s后进行下一次查询
2022-12-31 16:33:00,784 INFO: 不满足下单条件，3s后进行下一次查询
2022-12-31 16:33:03,982 INFO: 不满足下单条件，3s后进行下一次查询
2022-12-31 16:33:07,185 INFO: 不满足下单条件，3s后进行下一次查询
2022-12-31 16:33:10,374 INFO: 不满足下单条件，3s后进行下一次查询
2022-12-31 16:33:13,570 INFO: 不满足下单条件，3s后进行下一次查询
2022-12-31 16:33:16,801 INFO: 不满足下单条件，3s后进行下一次查询
2022-12-31 16:33:20,021 INFO: 不满足下单条件，3s后进行下一次查询
2022-12-31 16:33:23,199 INFO: 不满足下单条件，3s后进行下一次查询
2022-12-31 16:33:26,390 INFO: 不满足下单条件，3s后进行下一次查询
2022-12-31 16:33:29,571 INFO: 不满足下单条件，3s后进行下一次查询
2022-12-31 16:33:32,901 INFO: 不满足下单条件，3s后进行下一次查询
2022-12-31 16:33:36,173 INFO: 不满足下单条件，3s后进行下一次查询
2022-12-31 16:33:39,380 INFO: 不满足下单条件，3s后进行下一次查询
2022-12-31 16:33:42,593 INFO: 不满足下单条件，3s后进行下一次查询
2022-12-31 16:33:45,764 INFO: 不满足下单条件，3s后进行下一次查询
2022-12-31 16:33:48,933 INFO: 不满足下单条件，3s后进行下一次查询
2022-12-31 16:33:52,118 INFO: 不满足下单条件，3s后进行下一次查询
2022-12-31 16:33:55,304 INFO: 不满足下单条件，3s后进行下一次查询
2022-12-31 16:33:58,479 INFO: 不满足下单条件，3s后进行下一次查询
2022-12-31 16:34:01,686 INFO: 不满足下单条件，3s后进行下一次查询
2022-12-31 16:34:04,866 INFO: 不满足下单条件，3s后进行下一次查询
2022-12-31 16:34:08,052 INFO: 不满足下单条件，3s后进行下一次查询
2022-12-31 16:34:11,259 INFO: 不满足下单条件，3s后进行下一次查询
2022-12-31 16:34:14,486 INFO: 不满足下单条件，3s后进行下一次查询
2022-12-31 16:34:17,693 INFO: 不满足下单条件，3s后进行下一次查询
2022-12-31 16:34:20,898 INFO: 不满足下单条件，3s后进行下一次查询
2022-12-31 16:34:24,082 INFO: 不满足下单条件，3s后进行下一次查询
2022-12-31 16:34:27,284 INFO: 不满足下单条件，3s后进行下一次查询
2022-12-31 16:34:30,467 INFO: 不满足下单条件，3s后进行下一次查询
2022-12-31 16:34:33,624 INFO: 不满足下单条件，3s后进行下一次查询
2022-12-31 16:34:36,808 INFO: 不满足下单条件，3s后进行下一次查询
2022-12-31 16:34:39,983 INFO: 不满足下单条件，3s后进行下一次查询
2022-12-31 16:34:43,171 INFO: 不满足下单条件，3s后进行下一次查询
2022-12-31 16:34:46,360 INFO: 不满足下单条件，3s后进行下一次查询
2022-12-31 16:34:49,533 INFO: 不满足下单条件，3s后进行下一次查询
2022-12-31 16:34:52,702 INFO: 不满足下单条件，3s后进行下一次查询
2022-12-31 16:34:55,896 INFO: 不满足下单条件，3s后进行下一次查询
2022-12-31 16:34:59,093 INFO: 不满足下单条件，3s后进行下一次查询
2022-12-31 16:35:02,283 INFO: 不满足下单条件，3s后进行下一次查询
2022-12-31 16:35:05,477 INFO: 不满足下单条件，3s后进行下一次查询
2022-12-31 16:35:08,683 INFO: 不满足下单条件，3s后进行下一次查询
2022-12-31 16:35:11,868 INFO: 不满足下单条件，3s后进行下一次查询
2022-12-31 16:35:15,061 INFO: 不满足下单条件，3s后进行下一次查询
2022-12-31 16:35:18,262 INFO: 不满足下单条件，3s后进行下一次查询
2022-12-31 16:35:21,450 INFO: 不满足下单条件，3s后进行下一次查询
2022-12-31 16:35:24,666 INFO: 不满足下单条件，3s后进行下一次查询
2022-12-31 16:35:27,861 INFO: 不满足下单条件，3s后进行下一次查询
2022-12-31 16:35:31,079 INFO: 不满足下单条件，3s后进行下一次查询
2022-12-31 16:35:34,278 INFO: 不满足下单条件，3s后进行下一次查询
2022-12-31 16:35:37,465 INFO: 不满足下单条件，3s后进行下一次查询
2022-12-31 16:35:40,672 INFO: 不满足下单条件，3s后进行下一次查询
2022-12-31 16:35:43,873 INFO: 不满足下单条件，3s后进行下一次查询
2022-12-31 16:35:47,065 INFO: 不满足下单条件，3s后进行下一次查询
2022-12-31 16:35:50,258 INFO: 不满足下单条件，3s后进行下一次查询
2022-12-31 16:35:53,424 INFO: 不满足下单条件，3s后进行下一次查询
2022-12-31 16:35:56,631 INFO: 不满足下单条件，3s后进行下一次查询
2022-12-31 16:35:59,812 INFO: 不满足下单条件，3s后进行下一次查询
2022-12-31 16:36:03,001 INFO: 不满足下单条件，3s后进行下一次查询
2022-12-31 16:36:06,178 INFO: 不满足下单条件，3s后进行下一次查询
2022-12-31 16:36:09,346 INFO: 不满足下单条件，3s后进行下一次查询
2022-12-31 16:36:12,544 INFO: 不满足下单条件，3s后进行下一次查询
2022-12-31 16:36:15,746 INFO: 不满足下单条件，3s后进行下一次查询
2022-12-31 16:36:18,956 INFO: 不满足下单条件，3s后进行下一次查询
2022-12-31 16:36:22,140 INFO: 不满足下单条件，3s后进行下一次查询
2022-12-31 16:36:25,359 INFO: 不满足下单条件，3s后进行下一次查询
2022-12-31 16:36:28,545 INFO: 不满足下单条件，3s后进行下一次查询
2022-12-31 16:36:31,749 INFO: 不满足下单条件，3s后进行下一次查询
2022-12-31 16:36:34,938 INFO: 不满足下单条件，3s后进行下一次查询
2022-12-31 16:36:38,143 INFO: 不满足下单条件，3s后进行下一次查询
2022-12-31 16:36:41,333 INFO: 不满足下单条件，3s后进行下一次查询
2022-12-31 16:36:44,531 INFO: 不满足下单条件，3s后进行下一次查询
2022-12-31 16:36:47,720 INFO: 不满足下单条件，3s后进行下一次查询
2022-12-31 16:36:50,908 INFO: 不满足下单条件，3s后进行下一次查询
2022-12-31 16:36:54,099 INFO: 不满足下单条件，3s后进行下一次查询
2022-12-31 16:36:57,291 INFO: 不满足下单条件，3s后进行下一次查询
2022-12-31 16:37:00,494 INFO: 不满足下单条件，3s后进行下一次查询
2022-12-31 16:37:03,679 INFO: 不满足下单条件，3s后进行下一次查询
2022-12-31 16:37:06,871 INFO: 不满足下单条件，3s后进行下一次查询
2022-12-31 16:37:10,059 INFO: 不满足下单条件，3s后进行下一次查询
2022-12-31 16:37:13,300 INFO: 不满足下单条件，3s后进行下一次查询
2022-12-31 16:37:16,499 INFO: 不满足下单条件，3s后进行下一次查询
2022-12-31 16:37:19,712 INFO: 不满足下单条件，3s后进行下一次查询
2022-12-31 16:37:22,896 INFO: 不满足下单条件，3s后进行下一次查询
2022-12-31 16:37:26,096 INFO: 不满足下单条件，3s后进行下一次查询
2022-12-31 16:37:29,271 INFO: 不满足下单条件，3s后进行下一次查询
2022-12-31 16:37:32,447 INFO: 不满足下单条件，3s后进行下一次查询
2022-12-31 16:37:35,645 INFO: 不满足下单条件，3s后进行下一次查询
2022-12-31 16:37:38,822 INFO: 不满足下单条件，3s后进行下一次查询
2022-12-31 16:37:42,035 INFO: 不满足下单条件，3s后进行下一次查询
2022-12-31 16:37:45,238 INFO: 不满足下单条件，3s后进行下一次查询
2022-12-31 16:37:48,404 INFO: 不满足下单条件，3s后进行下一次查询
2022-12-31 16:37:51,602 INFO: 不满足下单条件，3s后进行下一次查询
2022-12-31 16:37:54,769 INFO: 不满足下单条件，3s后进行下一次查询
2022-12-31 16:37:57,976 INFO: 不满足下单条件，3s后进行下一次查询
2022-12-31 16:38:01,161 INFO: 不满足下单条件，3s后进行下一次查询
2022-12-31 16:38:04,347 INFO: 不满足下单条件，3s后进行下一次查询
2022-12-31 16:38:07,525 INFO: 不满足下单条件，3s后进行下一次查询
2022-12-31 16:38:10,730 INFO: 不满足下单条件，3s后进行下一次查询
2022-12-31 16:38:13,934 INFO: 不满足下单条件，3s后进行下一次查询
2022-12-31 16:38:17,149 INFO: 不满足下单条件，3s后进行下一次查询
2022-12-31 16:38:20,364 INFO: 不满足下单条件，3s后进行下一次查询
2022-12-31 16:38:23,560 INFO: 不满足下单条件，3s后进行下一次查询
2022-12-31 16:38:26,748 INFO: 不满足下单条件，3s后进行下一次查询
2022-12-31 16:38:29,946 INFO: 不满足下单条件，3s后进行下一次查询
2022-12-31 16:38:33,155 INFO: 不满足下单条件，3s后进行下一次查询
2022-12-31 16:38:36,338 INFO: 不满足下单条件，3s后进行下一次查询
2022-12-31 16:38:39,531 INFO: 不满足下单条件，3s后进行下一次查询
2022-12-31 16:38:42,723 INFO: 不满足下单条件，3s后进行下一次查询
2022-12-31 16:38:45,906 INFO: 不满足下单条件，3s后进行下一次查询
2022-12-31 16:38:49,085 INFO: 不满足下单条件，3s后进行下一次查询
2022-12-31 16:38:52,295 INFO: 不满足下单条件，3s后进行下一次查询
2022-12-31 16:38:55,503 INFO: 不满足下单条件，3s后进行下一次查询
2022-12-31 16:38:58,708 INFO: 不满足下单条件，3s后进行下一次查询
2022-12-31 16:39:01,892 INFO: 不满足下单条件，3s后进行下一次查询
2022-12-31 16:39:05,088 INFO: 不满足下单条件，3s后进行下一次查询
2022-12-31 16:39:08,263 INFO: 不满足下单条件，3s后进行下一次查询
2022-12-31 16:39:11,454 INFO: 不满足下单条件，3s后进行下一次查询
2022-12-31 16:39:14,642 INFO: 不满足下单条件，3s后进行下一次查询
2022-12-31 16:39:17,890 INFO: 不满足下单条件，3s后进行下一次查询
2022-12-31 16:39:21,101 INFO: 不满足下单条件，3s后进行下一次查询
2022-12-31 16:39:24,303 INFO: 不满足下单条件，3s后进行下一次查询
2022-12-31 16:39:27,488 INFO: 不满足下单条件，3s后进行下一次查询
2022-12-31 16:39:30,662 INFO: 不满足下单条件，3s后进行下一次查询
2022-12-31 16:39:33,889 INFO: 不满足下单条件，3s后进行下一次查询
2022-12-31 16:39:37,084 INFO: 不满足下单条件，3s后进行下一次查询
2022-12-31 16:39:40,281 INFO: 不满足下单条件，3s后进行下一次查询
2022-12-31 16:39:43,495 INFO: 不满足下单条件，3s后进行下一次查询
2022-12-31 16:39:46,680 INFO: 不满足下单条件，3s后进行下一次查询
2022-12-31 16:39:49,871 INFO: 不满足下单条件，3s后进行下一次查询
2022-12-31 16:39:53,048 INFO: 不满足下单条件，3s后进行下一次查询
2022-12-31 16:39:56,231 INFO: 不满足下单条件，3s后进行下一次查询
2022-12-31 16:39:59,392 INFO: 不满足下单条件，3s后进行下一次查询
2022-12-31 16:40:02,594 INFO: 不满足下单条件，3s后进行下一次查询
2022-12-31 16:40:05,791 INFO: 不满足下单条件，3s后进行下一次查询
2022-12-31 16:40:08,985 INFO: 不满足下单条件，3s后进行下一次查询
2022-12-31 16:40:12,185 INFO: 不满足下单条件，3s后进行下一次查询
2022-12-31 16:40:15,368 INFO: 不满足下单条件，3s后进行下一次查询
2022-12-31 16:40:18,553 INFO: 不满足下单条件，3s后进行下一次查询
2022-12-31 16:40:21,791 INFO: 不满足下单条件，3s后进行下一次查询
2022-12-31 16:40:24,978 INFO: 不满足下单条件，3s后进行下一次查询
2022-12-31 16:40:28,170 INFO: 不满足下单条件，3s后进行下一次查询
2022-12-31 16:40:31,354 INFO: 不满足下单条件，3s后进行下一次查询
2022-12-31 16:40:34,548 INFO: 不满足下单条件，3s后进行下一次查询
2022-12-31 16:40:37,735 INFO: 不满足下单条件，3s后进行下一次查询
2022-12-31 16:40:40,929 INFO: 不满足下单条件，3s后进行下一次查询
2022-12-31 16:40:44,176 INFO: 不满足下单条件，3s后进行下一次查询
2022-12-31 16:40:47,374 INFO: 不满足下单条件，3s后进行下一次查询
2022-12-31 16:40:50,550 INFO: 不满足下单条件，3s后进行下一次查询
2022-12-31 16:40:53,761 INFO: 不满足下单条件，3s后进行下一次查询
2022-12-31 16:40:56,963 INFO: 不满足下单条件，3s后进行下一次查询
2022-12-31 16:41:00,147 INFO: 不满足下单条件，3s后进行下一次查询
2022-12-31 16:41:03,335 INFO: 不满足下单条件，3s后进行下一次查询
2022-12-31 16:41:06,530 INFO: 不满足下单条件，3s后进行下一次查询
2022-12-31 16:41:09,726 INFO: 不满足下单条件，3s后进行下一次查询
2022-12-31 16:41:12,918 INFO: 不满足下单条件，3s后进行下一次查询
2022-12-31 16:41:16,107 INFO: 不满足下单条件，3s后进行下一次查询
2022-12-31 16:41:19,298 INFO: 不满足下单条件，3s后进行下一次查询
2022-12-31 16:41:22,507 INFO: 不满足下单条件，3s后进行下一次查询
2022-12-31 16:41:25,722 INFO: 不满足下单条件，3s后进行下一次查询
2022-12-31 16:41:28,923 INFO: 不满足下单条件，3s后进行下一次查询
2022-12-31 16:41:32,114 INFO: 不满足下单条件，3s后进行下一次查询
2022-12-31 16:41:35,310 INFO: 不满足下单条件，3s后进行下一次查询
2022-12-31 16:41:38,481 INFO: 不满足下单条件，3s后进行下一次查询
2022-12-31 16:41:41,664 INFO: 不满足下单条件，3s后进行下一次查询
2022-12-31 16:41:44,865 INFO: 不满足下单条件，3s后进行下一次查询
2022-12-31 16:41:48,041 INFO: 不满足下单条件，3s后进行下一次查询
2022-12-31 16:41:51,227 INFO: 不满足下单条件，3s后进行下一次查询
2022-12-31 16:41:54,415 INFO: 不满足下单条件，3s后进行下一次查询
2022-12-31 16:41:57,599 INFO: 不满足下单条件，3s后进行下一次查询
2022-12-31 16:42:00,793 INFO: 不满足下单条件，3s后进行下一次查询
2022-12-31 16:42:03,992 INFO: 不满足下单条件，3s后进行下一次查询
2022-12-31 16:42:07,185 INFO: 不满足下单条件，3s后进行下一次查询
2022-12-31 16:42:10,353 INFO: 不满足下单条件，3s后进行下一次查询
2022-12-31 16:42:13,519 INFO: 不满足下单条件，3s后进行下一次查询
2022-12-31 16:42:16,709 INFO: 不满足下单条件，3s后进行下一次查询
2022-12-31 16:42:19,980 INFO: 不满足下单条件，3s后进行下一次查询
2022-12-31 16:42:23,178 INFO: 不满足下单条件，3s后进行下一次查询
2022-12-31 16:42:26,370 INFO: 不满足下单条件，3s后进行下一次查询
2022-12-31 16:42:29,558 INFO: 不满足下单条件，3s后进行下一次查询
2022-12-31 16:42:32,759 INFO: 不满足下单条件，3s后进行下一次查询
2022-12-31 16:42:35,951 INFO: 不满足下单条件，3s后进行下一次查询
2022-12-31 16:42:39,156 INFO: 不满足下单条件，3s后进行下一次查询
2022-12-31 16:42:42,357 INFO: 不满足下单条件，3s后进行下一次查询
